\BOOKMARK [0][-]{chapter.1}{\376\377\000M\000a\000i\000n\000\040\000P\000a\000g\000e}{}% 1
\BOOKMARK [0][-]{chapter.2}{\376\377\000H\000i\000e\000r\000a\000r\000c\000h\000i\000c\000a\000l\000\040\000I\000n\000d\000e\000x}{}% 2
\BOOKMARK [1][-]{section.2.1}{\376\377\000C\000l\000a\000s\000s\000\040\000H\000i\000e\000r\000a\000r\000c\000h\000y}{chapter.2}% 3
\BOOKMARK [0][-]{chapter.3}{\376\377\000C\000l\000a\000s\000s\000\040\000I\000n\000d\000e\000x}{}% 4
\BOOKMARK [1][-]{section.3.1}{\376\377\000C\000l\000a\000s\000s\000\040\000L\000i\000s\000t}{chapter.3}% 5
\BOOKMARK [0][-]{chapter.4}{\376\377\000F\000i\000l\000e\000\040\000I\000n\000d\000e\000x}{}% 6
\BOOKMARK [1][-]{section.4.1}{\376\377\000F\000i\000l\000e\000\040\000L\000i\000s\000t}{chapter.4}% 7
\BOOKMARK [0][-]{chapter.5}{\376\377\000C\000l\000a\000s\000s\000\040\000D\000o\000c\000u\000m\000e\000n\000t\000a\000t\000i\000o\000n}{}% 8
\BOOKMARK [1][-]{section.5.1}{\376\377\000L\000C\000D\000\040\000C\000l\000a\000s\000s\000\040\000R\000e\000f\000e\000r\000e\000n\000c\000e}{chapter.5}% 9
\BOOKMARK [2][-]{subsection.5.1.1}{\376\377\000D\000e\000t\000a\000i\000l\000e\000d\000\040\000D\000e\000s\000c\000r\000i\000p\000t\000i\000o\000n}{section.5.1}% 10
\BOOKMARK [2][-]{subsection.5.1.2}{\376\377\000C\000o\000n\000s\000t\000r\000u\000c\000t\000o\000r\000\040\000\046\000\040\000D\000e\000s\000t\000r\000u\000c\000t\000o\000r\000\040\000D\000o\000c\000u\000m\000e\000n\000t\000a\000t\000i\000o\000n}{section.5.1}% 11
\BOOKMARK [3][-]{subsubsection.5.1.2.1}{\376\377\000L\000C\000D}{subsection.5.1.2}% 12
\BOOKMARK [3][-]{subsubsection.5.1.2.2}{\376\377\000L\000C\000D}{subsection.5.1.2}% 13
\BOOKMARK [3][-]{subsubsection.5.1.2.3}{\376\377\000L\000C\000D}{subsection.5.1.2}% 14
\BOOKMARK [2][-]{subsection.5.1.3}{\376\377\000M\000e\000m\000b\000e\000r\000\040\000F\000u\000n\000c\000t\000i\000o\000n\000\040\000D\000o\000c\000u\000m\000e\000n\000t\000a\000t\000i\000o\000n}{section.5.1}% 15
\BOOKMARK [3][-]{subsubsection.5.1.3.1}{\376\377\000b\000i\000n}{subsection.5.1.3}% 16
\BOOKMARK [3][-]{subsubsection.5.1.3.2}{\376\377\000b\000l\000i\000n\000k}{subsection.5.1.3}% 17
\BOOKMARK [3][-]{subsubsection.5.1.3.3}{\376\377\000c\000l\000e\000a\000n}{subsection.5.1.3}% 18
\BOOKMARK [3][-]{subsubsection.5.1.3.4}{\376\377\000d\000e\000c}{subsection.5.1.3}% 19
\BOOKMARK [3][-]{subsubsection.5.1.3.5}{\376\377\000e\000n\000a\000b\000l\000e}{subsection.5.1.3}% 20
\BOOKMARK [3][-]{subsubsection.5.1.3.6}{\376\377\000e\000r\000r\000o\000r}{subsection.5.1.3}% 21
\BOOKMARK [3][-]{subsubsection.5.1.3.7}{\376\377\000e\000r\000r\000o\000r}{subsection.5.1.3}% 22
\BOOKMARK [3][-]{subsubsection.5.1.3.8}{\376\377\000h\000e\000x}{subsection.5.1.3}% 23
\BOOKMARK [3][-]{subsubsection.5.1.3.9}{\376\377\000m\000e\000n\000u}{subsection.5.1.3}% 24
\BOOKMARK [3][-]{subsubsection.5.1.3.10}{\376\377\000m\000e\000s\000s\000a\000g\000e}{subsection.5.1.3}% 25
\BOOKMARK [3][-]{subsubsection.5.1.3.11}{\376\377\000m\000e\000s\000s\000a\000g\000e}{subsection.5.1.3}% 26
\BOOKMARK [3][-]{subsubsection.5.1.3.12}{\376\377\000o\000c\000t}{subsection.5.1.3}% 27
\BOOKMARK [3][-]{subsubsection.5.1.3.13}{\376\377\000o\000p\000e\000r\000a\000t\000o\000r\000=}{subsection.5.1.3}% 28
\BOOKMARK [3][-]{subsubsection.5.1.3.14}{\376\377\000w\000e\000l\000c\000o\000m\000e}{subsection.5.1.3}% 29
\BOOKMARK [2][-]{subsection.5.1.4}{\376\377\000M\000e\000m\000b\000e\000r\000\040\000D\000a\000t\000a\000\040\000D\000o\000c\000u\000m\000e\000n\000t\000a\000t\000i\000o\000n}{section.5.1}% 30
\BOOKMARK [3][-]{subsubsection.5.1.4.1}{\376\377\000l\000c\000d}{subsection.5.1.4}% 31
\BOOKMARK [1][-]{section.5.2}{\376\377\000T\000e\000m\000p\000e\000r\000a\000t\000u\000r\000e\000\040\000C\000l\000a\000s\000s\000\040\000R\000e\000f\000e\000r\000e\000n\000c\000e}{chapter.5}% 32
\BOOKMARK [2][-]{subsection.5.2.1}{\376\377\000D\000e\000t\000a\000i\000l\000e\000d\000\040\000D\000e\000s\000c\000r\000i\000p\000t\000i\000o\000n}{section.5.2}% 33
\BOOKMARK [2][-]{subsection.5.2.2}{\376\377\000C\000o\000n\000s\000t\000r\000u\000c\000t\000o\000r\000\040\000\046\000\040\000D\000e\000s\000t\000r\000u\000c\000t\000o\000r\000\040\000D\000o\000c\000u\000m\000e\000n\000t\000a\000t\000i\000o\000n}{section.5.2}% 34
\BOOKMARK [3][-]{subsubsection.5.2.2.1}{\376\377\000T\000e\000m\000p\000e\000r\000a\000t\000u\000r\000e}{subsection.5.2.2}% 35
\BOOKMARK [2][-]{subsection.5.2.3}{\376\377\000M\000e\000m\000b\000e\000r\000\040\000F\000u\000n\000c\000t\000i\000o\000n\000\040\000D\000o\000c\000u\000m\000e\000n\000t\000a\000t\000i\000o\000n}{section.5.2}% 36
\BOOKMARK [3][-]{subsubsection.5.2.3.1}{\376\377\000C\000a\000l\000c\000T\000e\000m\000p}{subsection.5.2.3}% 37
\BOOKMARK [3][-]{subsubsection.5.2.3.2}{\376\377\000C\000e\000l\000s\000i\000u\000s}{subsection.5.2.3}% 38
\BOOKMARK [2][-]{subsection.5.2.4}{\376\377\000M\000e\000m\000b\000e\000r\000\040\000D\000a\000t\000a\000\040\000D\000o\000c\000u\000m\000e\000n\000t\000a\000t\000i\000o\000n}{section.5.2}% 39
\BOOKMARK [3][-]{subsubsection.5.2.4.1}{\376\377\000\137\000C\000e\000l\000s\000i\000u\000s}{subsection.5.2.4}% 40
\BOOKMARK [3][-]{subsubsection.5.2.4.2}{\376\377\000\137\000s\000e\000n\000s\000o\000r\000V\000a\000l\000u\000e}{subsection.5.2.4}% 41
\BOOKMARK [0][-]{chapter.6}{\376\377\000F\000i\000l\000e\000\040\000D\000o\000c\000u\000m\000e\000n\000t\000a\000t\000i\000o\000n}{}% 42
\BOOKMARK [1][-]{section.6.1}{\376\377\000/\000V\000o\000l\000u\000m\000e\000s\000/\000J\000o\000h\000n\000\040\000D\000o\000e\000/\000D\000e\000v\000e\000l\000o\000p\000m\000e\000n\000t\000\040\000P\000r\000o\000j\000e\000c\000t\000s\000/\000M\000e\000d\000i\000t\000e\000c\000h\000\040\000S\000c\000i\000F\000i\000/\000S\000o\000u\000r\000c\000e\000s\000R\000e\000p\000o\000s\000i\000t\000o\000r\000i\000e\000s\000/\000c\000h\000i\000p\000k\000i\000t\000\137\000s\000e\000r\000i\000a\000l\000\137\000p\000i\000/\000M\000e\000d\000i\000t\000e\000c\000h\000\137\000C\000h\000i\000p\000K\000i\000t\000C\000o\000n\000t\000r\000o\000l\000P\000a\000n\000e\000l\000/\000A\000n\000a\000l\000o\000g\000.\000h\000\040\000F\000i\000l\000e\000\040\000R\000e\000f\000e\000r\000e\000n\000c\000e}{chapter.6}% 43
\BOOKMARK [2][-]{subsection.6.1.1}{\376\377\000D\000e\000t\000a\000i\000l\000e\000d\000\040\000D\000e\000s\000c\000r\000i\000p\000t\000i\000o\000n}{section.6.1}% 44
\BOOKMARK [2][-]{subsection.6.1.2}{\376\377\000M\000a\000c\000r\000o\000\040\000D\000e\000f\000i\000n\000i\000t\000i\000o\000n\000\040\000D\000o\000c\000u\000m\000e\000n\000t\000a\000t\000i\000o\000n}{section.6.1}% 45
\BOOKMARK [3][-]{subsubsection.6.1.2.1}{\376\377\000A\000N\000A\000L\000O\000G\000D\000I\000V\000I\000D\000E\000R}{subsection.6.1.2}% 46
\BOOKMARK [3][-]{subsubsection.6.1.2.2}{\376\377\000A\000N\000A\000L\000O\000G\000P\000O\000T}{subsection.6.1.2}% 47
\BOOKMARK [3][-]{subsubsection.6.1.2.3}{\376\377\000C\000A\000L\000I\000B\000R\000A\000T\000I\000O\000N\000\137\000P\000O\000T}{subsection.6.1.2}% 48
\BOOKMARK [3][-]{subsubsection.6.1.2.4}{\376\377\000K\000O\000H\000M}{subsection.6.1.2}% 49
\BOOKMARK [3][-]{subsubsection.6.1.2.5}{\376\377\000M\000A\000X\000G\000A\000I\000N}{subsection.6.1.2}% 50
\BOOKMARK [3][-]{subsubsection.6.1.2.6}{\376\377\000M\000I\000N\000G\000A\000I\000N}{subsection.6.1.2}% 51
\BOOKMARK [1][-]{section.6.2}{\376\377\000/\000V\000o\000l\000u\000m\000e\000s\000/\000J\000o\000h\000n\000\040\000D\000o\000e\000/\000D\000e\000v\000e\000l\000o\000p\000m\000e\000n\000t\000\040\000P\000r\000o\000j\000e\000c\000t\000s\000/\000M\000e\000d\000i\000t\000e\000c\000h\000\040\000S\000c\000i\000F\000i\000/\000S\000o\000u\000r\000c\000e\000s\000R\000e\000p\000o\000s\000i\000t\000o\000r\000i\000e\000s\000/\000c\000h\000i\000p\000k\000i\000t\000\137\000s\000e\000r\000i\000a\000l\000\137\000p\000i\000/\000M\000e\000d\000i\000t\000e\000c\000h\000\137\000C\000h\000i\000p\000K\000i\000t\000C\000o\000n\000t\000r\000o\000l\000P\000a\000n\000e\000l\000/\000G\000l\000o\000b\000a\000l\000s\000.\000h\000\040\000F\000i\000l\000e\000\040\000R\000e\000f\000e\000r\000e\000n\000c\000e}{chapter.6}% 52
\BOOKMARK [2][-]{subsection.6.2.1}{\376\377\000D\000e\000t\000a\000i\000l\000e\000d\000\040\000D\000e\000s\000c\000r\000i\000p\000t\000i\000o\000n}{section.6.2}% 53
\BOOKMARK [2][-]{subsection.6.2.2}{\376\377\000M\000a\000c\000r\000o\000\040\000D\000e\000f\000i\000n\000i\000t\000i\000o\000n\000\040\000D\000o\000c\000u\000m\000e\000n\000t\000a\000t\000i\000o\000n}{section.6.2}% 54
\BOOKMARK [3][-]{subsubsection.6.2.2.1}{\376\377\000C\000A\000M\000E\000R\000A\000\137\000S\000T\000A\000T\000U\000S}{subsection.6.2.2}% 55
\BOOKMARK [3][-]{subsubsection.6.2.2.2}{\376\377\000E\000C\000G\000\137\000S\000T\000A\000T\000U\000S}{subsection.6.2.2}% 56
\BOOKMARK [3][-]{subsubsection.6.2.2.3}{\376\377\000F\000A\000N\000\137\000S\000P\000E\000E\000D}{subsection.6.2.2}% 57
\BOOKMARK [3][-]{subsubsection.6.2.2.4}{\376\377\000L\000C\000D\000c\000l\000o\000c\000k\000P\000i\000n}{subsection.6.2.2}% 58
\BOOKMARK [3][-]{subsubsection.6.2.2.5}{\376\377\000L\000C\000D\000d\000a\000t\000a\000P\000i\000n}{subsection.6.2.2}% 59
\BOOKMARK [3][-]{subsubsection.6.2.2.6}{\376\377\000L\000C\000D\000l\000a\000t\000c\000h\000P\000i\000n}{subsection.6.2.2}% 60
\BOOKMARK [3][-]{subsubsection.6.2.2.7}{\376\377\000L\000I\000D\000C\000L\000O\000S\000E\000D}{subsection.6.2.2}% 61
\BOOKMARK [3][-]{subsubsection.6.2.2.8}{\376\377\000L\000I\000D\000O\000P\000E\000N}{subsection.6.2.2}% 62
\BOOKMARK [3][-]{subsubsection.6.2.2.9}{\376\377\000L\000I\000D\000S\000T\000A\000T\000U\000S}{subsection.6.2.2}% 63
\BOOKMARK [3][-]{subsubsection.6.2.2.10}{\376\377\000S\000T\000E\000T\000H\000O\000S\000C\000O\000P\000E\000\137\000S\000T\000A\000T\000U\000S}{subsection.6.2.2}% 64
\BOOKMARK [1][-]{section.6.3}{\376\377\000/\000V\000o\000l\000u\000m\000e\000s\000/\000J\000o\000h\000n\000\040\000D\000o\000e\000/\000D\000e\000v\000e\000l\000o\000p\000m\000e\000n\000t\000\040\000P\000r\000o\000j\000e\000c\000t\000s\000/\000M\000e\000d\000i\000t\000e\000c\000h\000\040\000S\000c\000i\000F\000i\000/\000S\000o\000u\000r\000c\000e\000s\000R\000e\000p\000o\000s\000i\000t\000o\000r\000i\000e\000s\000/\000c\000h\000i\000p\000k\000i\000t\000\137\000s\000e\000r\000i\000a\000l\000\137\000p\000i\000/\000M\000e\000d\000i\000t\000e\000c\000h\000\137\000C\000h\000i\000p\000K\000i\000t\000C\000o\000n\000t\000r\000o\000l\000P\000a\000n\000e\000l\000/\000L\000C\000D\000.\000h\000\040\000F\000i\000l\000e\000\040\000R\000e\000f\000e\000r\000e\000n\000c\000e}{chapter.6}% 65
\BOOKMARK [2][-]{subsection.6.3.1}{\376\377\000D\000e\000t\000a\000i\000l\000e\000d\000\040\000D\000e\000s\000c\000r\000i\000p\000t\000i\000o\000n}{section.6.3}% 66
\BOOKMARK [2][-]{subsection.6.3.2}{\376\377\000M\000a\000c\000r\000o\000\040\000D\000e\000f\000i\000n\000i\000t\000i\000o\000n\000\040\000D\000o\000c\000u\000m\000e\000n\000t\000a\000t\000i\000o\000n}{section.6.3}% 67
\BOOKMARK [3][-]{subsubsection.6.3.2.1}{\376\377\000L\000C\000D\000\137\000S\000E\000C\000T\000O\000R\0001}{subsection.6.3.2}% 68
\BOOKMARK [3][-]{subsubsection.6.3.2.2}{\376\377\000L\000C\000D\000\137\000S\000E\000C\000T\000O\000R\0002}{subsection.6.3.2}% 69
\BOOKMARK [3][-]{subsubsection.6.3.2.3}{\376\377\000L\000C\000D\000\137\000S\000E\000C\000T\000O\000R\0003}{subsection.6.3.2}% 70
\BOOKMARK [3][-]{subsubsection.6.3.2.4}{\376\377\000L\000C\000D\000\137\000S\000E\000C\000T\000O\000R\0004}{subsection.6.3.2}% 71
\BOOKMARK [3][-]{subsubsection.6.3.2.5}{\376\377\000L\000C\000D\000B\000O\000T\000T\000O\000M\000R\000O\000W}{subsection.6.3.2}% 72
\BOOKMARK [3][-]{subsubsection.6.3.2.6}{\376\377\000L\000C\000D\000C\000H\000A\000R\000S}{subsection.6.3.2}% 73
\BOOKMARK [3][-]{subsubsection.6.3.2.7}{\376\377\000L\000C\000D\000C\000L\000E\000A\000R\000\137\000D\000E\000L\000A\000Y}{subsection.6.3.2}% 74
\BOOKMARK [3][-]{subsubsection.6.3.2.8}{\376\377\000L\000C\000D\000E\000R\000R\000O\000R\000\137\000D\000E\000L\000A\000Y}{subsection.6.3.2}% 75
\BOOKMARK [3][-]{subsubsection.6.3.2.9}{\376\377\000L\000C\000D\000M\000E\000S\000S\000A\000G\000E\000\137\000D\000E\000L\000A\000Y}{subsection.6.3.2}% 76
\BOOKMARK [3][-]{subsubsection.6.3.2.10}{\376\377\000L\000C\000D\000R\000O\000W\000S}{subsection.6.3.2}% 77
\BOOKMARK [3][-]{subsubsection.6.3.2.11}{\376\377\000L\000C\000D\000T\000O\000P\000R\000O\000W}{subsection.6.3.2}% 78
\BOOKMARK [1][-]{section.6.4}{\376\377\000/\000V\000o\000l\000u\000m\000e\000s\000/\000J\000o\000h\000n\000\040\000D\000o\000e\000/\000D\000e\000v\000e\000l\000o\000p\000m\000e\000n\000t\000\040\000P\000r\000o\000j\000e\000c\000t\000s\000/\000M\000e\000d\000i\000t\000e\000c\000h\000\040\000S\000c\000i\000F\000i\000/\000S\000o\000u\000r\000c\000e\000s\000R\000e\000p\000o\000s\000i\000t\000o\000r\000i\000e\000s\000/\000c\000h\000i\000p\000k\000i\000t\000\137\000s\000e\000r\000i\000a\000l\000\137\000p\000i\000/\000M\000e\000d\000i\000t\000e\000c\000h\000\137\000C\000h\000i\000p\000K\000i\000t\000C\000o\000n\000t\000r\000o\000l\000P\000a\000n\000e\000l\000/\000M\000e\000d\000i\000t\000e\000c\000h\000\137\000C\000h\000i\000p\000K\000i\000t\000C\000o\000n\000t\000r\000o\000l\000P\000a\000n\000e\000l\000.\000p\000d\000e\000\040\000F\000i\000l\000e\000\040\000R\000e\000f\000e\000r\000e\000n\000c\000e}{chapter.6}% 79
\BOOKMARK [2][-]{subsection.6.4.1}{\376\377\000D\000e\000t\000a\000i\000l\000e\000d\000\040\000D\000e\000s\000c\000r\000i\000p\000t\000i\000o\000n}{section.6.4}% 80
\BOOKMARK [2][-]{subsection.6.4.2}{\376\377\000F\000u\000n\000c\000t\000i\000o\000n\000\040\000D\000o\000c\000u\000m\000e\000n\000t\000a\000t\000i\000o\000n}{section.6.4}% 81
\BOOKMARK [3][-]{subsubsection.6.4.2.1}{\376\377\000c\000l\000e\000a\000n}{subsection.6.4.2}% 82
\BOOKMARK [3][-]{subsubsection.6.4.2.2}{\376\377\000d\000e\000c}{subsection.6.4.2}% 83
\BOOKMARK [3][-]{subsubsection.6.4.2.3}{\376\377\000e\000r\000r\000o\000r}{subsection.6.4.2}% 84
\BOOKMARK [3][-]{subsubsection.6.4.2.4}{\376\377\000e\000r\000r\000o\000r}{subsection.6.4.2}% 85
\BOOKMARK [3][-]{subsubsection.6.4.2.5}{\376\377\000h\000e\000x}{subsection.6.4.2}% 86
\BOOKMARK [3][-]{subsubsection.6.4.2.6}{\376\377\000i\000s\000L\000i\000d\000C\000l\000o\000s\000e}{subsection.6.4.2}% 87
\BOOKMARK [3][-]{subsubsection.6.4.2.7}{\376\377\000l\000c\000d}{subsection.6.4.2}% 88
\BOOKMARK [3][-]{subsubsection.6.4.2.8}{\376\377\000l\000o\000o\000p}{subsection.6.4.2}% 89
\BOOKMARK [3][-]{subsubsection.6.4.2.9}{\376\377\000m\000e\000n\000u}{subsection.6.4.2}% 90
\BOOKMARK [3][-]{subsubsection.6.4.2.10}{\376\377\000m\000e\000s\000s\000a\000g\000e}{subsection.6.4.2}% 91
\BOOKMARK [3][-]{subsubsection.6.4.2.11}{\376\377\000m\000e\000s\000s\000a\000g\000e}{subsection.6.4.2}% 92
\BOOKMARK [3][-]{subsubsection.6.4.2.12}{\376\377\000s\000e\000t\000u\000p}{subsection.6.4.2}% 93
\BOOKMARK [3][-]{subsubsection.6.4.2.13}{\376\377\000s\000t\000e\000t\000h\000o\000s\000c\000o\000p\000e\000G\000a\000i\000n\000L\000e\000v\000e\000l}{subsection.6.4.2}% 94
\BOOKMARK [3][-]{subsubsection.6.4.2.14}{\376\377\000s\000t\000e\000t\000h\000o\000s\000c\000o\000p\000e\000M\000s\000g}{subsection.6.4.2}% 95
\BOOKMARK [3][-]{subsubsection.6.4.2.15}{\376\377\000t\000e\000m\000p\000e\000r\000a\000t\000u\000r\000e}{subsection.6.4.2}% 96
\BOOKMARK [3][-]{subsubsection.6.4.2.16}{\376\377\000t\000e\000m\000p\000M\000o\000n\000i\000t\000o\000r}{subsection.6.4.2}% 97
\BOOKMARK [3][-]{subsubsection.6.4.2.17}{\376\377\000t\000e\000s\000t\000S\000t\000a\000t\000u\000s\000L\000E\000D}{subsection.6.4.2}% 98
\BOOKMARK [3][-]{subsubsection.6.4.2.18}{\376\377\000w\000e\000l\000c\000o\000m\000e}{subsection.6.4.2}% 99
\BOOKMARK [2][-]{subsection.6.4.3}{\376\377\000V\000a\000r\000i\000a\000b\000l\000e\000\040\000D\000o\000c\000u\000m\000e\000n\000t\000a\000t\000i\000o\000n}{section.6.4}% 100
\BOOKMARK [3][-]{subsubsection.6.4.3.1}{\376\377\000i\000n\000t\000e\000r\000n\000a\000l\000T\000e\000m\000p}{subsection.6.4.3}% 101
\BOOKMARK [3][-]{subsubsection.6.4.3.2}{\376\377\000l\000i\000d\000S\000t\000a\000t\000u\000s}{subsection.6.4.3}% 102
\BOOKMARK [3][-]{subsubsection.6.4.3.3}{\376\377\000p\000V\000a\000l\000u\000e}{subsection.6.4.3}% 103
\BOOKMARK [1][-]{section.6.5}{\376\377\000/\000V\000o\000l\000u\000m\000e\000s\000/\000J\000o\000h\000n\000\040\000D\000o\000e\000/\000D\000e\000v\000e\000l\000o\000p\000m\000e\000n\000t\000\040\000P\000r\000o\000j\000e\000c\000t\000s\000/\000M\000e\000d\000i\000t\000e\000c\000h\000\040\000S\000c\000i\000F\000i\000/\000S\000o\000u\000r\000c\000e\000s\000R\000e\000p\000o\000s\000i\000t\000o\000r\000i\000e\000s\000/\000c\000h\000i\000p\000k\000i\000t\000\137\000s\000e\000r\000i\000a\000l\000\137\000p\000i\000/\000M\000e\000d\000i\000t\000e\000c\000h\000\137\000C\000h\000i\000p\000K\000i\000t\000C\000o\000n\000t\000r\000o\000l\000P\000a\000n\000e\000l\000/\000S\000t\000r\000i\000n\000g\000s\000.\000h\000\040\000F\000i\000l\000e\000\040\000R\000e\000f\000e\000r\000e\000n\000c\000e}{chapter.6}% 104
\BOOKMARK [2][-]{subsection.6.5.1}{\376\377\000D\000e\000t\000a\000i\000l\000e\000d\000\040\000D\000e\000s\000c\000r\000i\000p\000t\000i\000o\000n}{section.6.5}% 105
\BOOKMARK [2][-]{subsection.6.5.2}{\376\377\000M\000a\000c\000r\000o\000\040\000D\000e\000f\000i\000n\000i\000t\000i\000o\000n\000\040\000D\000o\000c\000u\000m\000e\000n\000t\000a\000t\000i\000o\000n}{section.6.5}% 106
\BOOKMARK [3][-]{subsubsection.6.5.2.1}{\376\377\000\137\000B\000D}{subsection.6.5.2}% 107
\BOOKMARK [3][-]{subsubsection.6.5.2.2}{\376\377\000\137\000B\000U\000I\000L\000D}{subsection.6.5.2}% 108
\BOOKMARK [3][-]{subsubsection.6.5.2.3}{\376\377\000\137\000C\000E\000L\000S\000I\000U\000S}{subsection.6.5.2}% 109
\BOOKMARK [3][-]{subsubsection.6.5.2.4}{\376\377\000\137\000E\000M\000P\000T\000Y\000\137\000H\000A\000L\000F\000\137\000L\000I\000N\000E}{subsection.6.5.2}% 110
\BOOKMARK [3][-]{subsubsection.6.5.2.5}{\376\377\000\137\000E\000M\000P\000T\000Y\000\137\000N\000U\000M\000B\000E\000R\0004}{subsection.6.5.2}% 111
\BOOKMARK [3][-]{subsubsection.6.5.2.6}{\376\377\000\137\000I\000N\000T\000E\000R\000N\000A\000L\000\137\000T\000E\000M\000P}{subsection.6.5.2}% 112
\BOOKMARK [3][-]{subsubsection.6.5.2.7}{\376\377\000\137\000L\000I\000D\000\137\000O\000P\000E\000N}{subsection.6.5.2}% 113
\BOOKMARK [3][-]{subsubsection.6.5.2.8}{\376\377\000\137\000M\000E\000D\000I\000T\000E\000C\000H}{subsection.6.5.2}% 114
\BOOKMARK [3][-]{subsubsection.6.5.2.9}{\376\377\000\137\000S\000P\000A\000C\000I\000N\000G}{subsection.6.5.2}% 115
\BOOKMARK [3][-]{subsubsection.6.5.2.10}{\376\377\000\137\000V\000E\000R\000S\000I\000O\000N}{subsection.6.5.2}% 116
\BOOKMARK [1][-]{section.6.6}{\376\377\000/\000V\000o\000l\000u\000m\000e\000s\000/\000J\000o\000h\000n\000\040\000D\000o\000e\000/\000D\000e\000v\000e\000l\000o\000p\000m\000e\000n\000t\000\040\000P\000r\000o\000j\000e\000c\000t\000s\000/\000M\000e\000d\000i\000t\000e\000c\000h\000\040\000S\000c\000i\000F\000i\000/\000S\000o\000u\000r\000c\000e\000s\000R\000e\000p\000o\000s\000i\000t\000o\000r\000i\000e\000s\000/\000c\000h\000i\000p\000k\000i\000t\000\137\000s\000e\000r\000i\000a\000l\000\137\000p\000i\000/\000M\000e\000d\000i\000t\000e\000c\000h\000\137\000C\000h\000i\000p\000K\000i\000t\000C\000o\000n\000t\000r\000o\000l\000P\000a\000n\000e\000l\000/\000T\000e\000m\000p\000e\000r\000a\000t\000u\000r\000e\000.\000c\000p\000p\000\040\000F\000i\000l\000e\000\040\000R\000e\000f\000e\000r\000e\000n\000c\000e}{chapter.6}% 117
\BOOKMARK [2][-]{subsection.6.6.1}{\376\377\000D\000e\000t\000a\000i\000l\000e\000d\000\040\000D\000e\000s\000c\000r\000i\000p\000t\000i\000o\000n}{section.6.6}% 118
\BOOKMARK [1][-]{section.6.7}{\376\377\000/\000V\000o\000l\000u\000m\000e\000s\000/\000J\000o\000h\000n\000\040\000D\000o\000e\000/\000D\000e\000v\000e\000l\000o\000p\000m\000e\000n\000t\000\040\000P\000r\000o\000j\000e\000c\000t\000s\000/\000M\000e\000d\000i\000t\000e\000c\000h\000\040\000S\000c\000i\000F\000i\000/\000S\000o\000u\000r\000c\000e\000s\000R\000e\000p\000o\000s\000i\000t\000o\000r\000i\000e\000s\000/\000c\000h\000i\000p\000k\000i\000t\000\137\000s\000e\000r\000i\000a\000l\000\137\000p\000i\000/\000M\000e\000d\000i\000t\000e\000c\000h\000\137\000C\000h\000i\000p\000K\000i\000t\000C\000o\000n\000t\000r\000o\000l\000P\000a\000n\000e\000l\000/\000T\000e\000m\000p\000e\000r\000a\000t\000u\000r\000e\000.\000h\000\040\000F\000i\000l\000e\000\040\000R\000e\000f\000e\000r\000e\000n\000c\000e}{chapter.6}% 119
\BOOKMARK [2][-]{subsection.6.7.1}{\376\377\000D\000e\000t\000a\000i\000l\000e\000d\000\040\000D\000e\000s\000c\000r\000i\000p\000t\000i\000o\000n}{section.6.7}% 120
\BOOKMARK [2][-]{subsection.6.7.2}{\376\377\000M\000a\000c\000r\000o\000\040\000D\000e\000f\000i\000n\000i\000t\000i\000o\000n\000\040\000D\000o\000c\000u\000m\000e\000n\000t\000a\000t\000i\000o\000n}{section.6.7}% 121
\BOOKMARK [3][-]{subsubsection.6.7.2.1}{\376\377\000K\000E\000L\000V\000I\000N\000C}{subsection.6.7.2}% 122
\BOOKMARK [3][-]{subsubsection.6.7.2.2}{\376\377\000T\000E\000M\000P\000\137\000S\000E\000N\000S\000O\000R}{subsection.6.7.2}% 123
\BOOKMARK [1][-]{section.6.8}{\376\377\000/\000V\000o\000l\000u\000m\000e\000s\000/\000J\000o\000h\000n\000\040\000D\000o\000e\000/\000D\000e\000v\000e\000l\000o\000p\000m\000e\000n\000t\000\040\000P\000r\000o\000j\000e\000c\000t\000s\000/\000M\000e\000d\000i\000t\000e\000c\000h\000\040\000S\000c\000i\000F\000i\000/\000S\000o\000u\000r\000c\000e\000s\000R\000e\000p\000o\000s\000i\000t\000o\000r\000i\000e\000s\000/\000c\000h\000i\000p\000k\000i\000t\000\137\000s\000e\000r\000i\000a\000l\000\137\000p\000i\000/\000M\000e\000d\000i\000t\000e\000c\000h\000\137\000C\000h\000i\000p\000K\000i\000t\000C\000o\000n\000t\000r\000o\000l\000P\000a\000n\000e\000l\000/\000V\000e\000r\000s\000i\000o\000n\000.\000h\000\040\000F\000i\000l\000e\000\040\000R\000e\000f\000e\000r\000e\000n\000c\000e}{chapter.6}% 124
\BOOKMARK [2][-]{subsection.6.8.1}{\376\377\000D\000e\000t\000a\000i\000l\000e\000d\000\040\000D\000e\000s\000c\000r\000i\000p\000t\000i\000o\000n}{section.6.8}% 125
\BOOKMARK [2][-]{subsection.6.8.2}{\376\377\000M\000a\000c\000r\000o\000\040\000D\000e\000f\000i\000n\000i\000t\000i\000o\000n\000\040\000D\000o\000c\000u\000m\000e\000n\000t\000a\000t\000i\000o\000n}{section.6.8}% 126
\BOOKMARK [3][-]{subsubsection.6.8.2.1}{\376\377\000b\000u\000i\000l\000d}{subsection.6.8.2}% 127
\BOOKMARK [3][-]{subsubsection.6.8.2.2}{\376\377\000p\000r\000o\000j\000e\000c\000t}{subsection.6.8.2}% 128
\BOOKMARK [3][-]{subsubsection.6.8.2.3}{\376\377\000v\000e\000r\000s\000i\000o\000n}{subsection.6.8.2}% 129
\BOOKMARK [0][-]{section*.17}{\376\377\000I\000n\000d\000e\000x}{}% 130
